[35m[Appium][39m Welcome to Appium v1.21.0
[35m[Appium][39m Non-default server args:
[35m[Appium][39m   port: 57924
[35m[Appium][39m   loglevel: info
[35m[Appium][39m   tmpDir: C:\Users\R53500~1\AppData\Local\Temp\\Katalon\Appium\Temp1623242292811
[35m[Appium][39m   chromedriverPort: 57925
[35m[Appium][39m Deprecated server args:
[35m[Appium][39m   [31m--chromedriver-port[39m => --default-capabilities
[35m[Appium][39m Default capabilities, which will be added to each request unless overridden by desired capabilities:
[35m[Appium][39m   chromedriverPort: 57925
[35m[Appium][39m Appium REST http interface listener started on 0.0.0.0:57924
[35m[HTTP][39m [37m-->[39m [37mGET[39m [37m/wd/hub/status[39m
[35m[HTTP][39m [90m{}[39m
[35m[HTTP][39m [37m<-- GET /wd/hub/status [39m[32m200[39m [90m4 ms - 68[39m
[35m[HTTP][39m [90m[39m
[35m[HTTP][39m [37m-->[39m [37mGET[39m [37m/wd/hub/status[39m
[35m[HTTP][39m [90m{}[39m
[35m[HTTP][39m [37m<-- GET /wd/hub/status [39m[32m200[39m [90m1 ms - 68[39m
[35m[HTTP][39m [90m[39m
[35m[HTTP][39m [37m-->[39m [37mPOST[39m [37m/wd/hub/session[39m
[35m[HTTP][39m [90m{"desiredCapabilities":{"app":"D:\\SekolahQA\\AppResepMasakan\\ResepMasakanRumahan.apk","noReset":true,"deviceName":"samsung SM-N9208 (Android 7.0)","fullReset":false,"platform":"ANDROID","newCommandTimeout":1800,"platformVersion":"7.0","automationName":"uiautomator2","autoGrantPermissions":true,"platformName":"Android","udid":"1115fb58cf190605","systemPort":57929},"capabilities":{"firstMatch":[{"appium:app":"D:\\SekolahQA\\AppResepMasakan\\ResepMasakanRumahan.apk","appium:autoGrantPermissions":true,"appium:automationName":"uiautomator2","appium:deviceName":"samsung SM-N9208 (Android 7.0)","appium:fullReset":false,"appium:newCommandTimeout":1800,"appium:noReset":true,"platform":"ANDROID","platformName":"android","appium:platformVersion":"7.0","appium:systemPort":57929,"appium:udid":"1115fb58cf190605"}]}}[39m
[35m[BaseDriver][39m The following capabilities are not standard capabilities and should have an extension prefix:
[35m[BaseDriver][39m   platform
[35m[BaseDriver][39m   chromedriverPort
[35m[Appium][39m Appium v1.21.0 creating new AndroidUiautomator2Driver (v1.65.0) session
[35m[BaseDriver][39m The following capabilities were provided, but are not recognized by Appium:
[35m[BaseDriver][39m   platform
[35m[BaseDriver][39m Session created with session id: e28c339c-5843-4038-8fda-4a008eb17064
[35m[BaseDriver][39m Using local app 'D:\SekolahQA\AppResepMasakan\ResepMasakanRumahan.apk'
[35m[ADB][39m Found 1 'build-tools' folders under 'C:\Users\R5 3500X\.katalon\tools\android_sdk' (newest first):
[35m[ADB][39m     C:/Users/R5 3500X/.katalon/tools/android_sdk/build-tools/29.0.3
[35m[ADB][39m Using 'adb.exe' from 'C:\Users\R5 3500X\.katalon\tools\android_sdk\platform-tools\adb.exe'
[35m[AndroidDriver][39m Retrieving device list
[35m[AndroidDriver][39m Using device: 1115fb58cf190605
[35m[ADB][39m Using 'adb.exe' from 'C:\Users\R5 3500X\.katalon\tools\android_sdk\platform-tools\adb.exe'
[35m[ADB][39m Package name: 'com.sekar.resepkuebasah'
[35m[ADB][39m Main activity name: 'com.sekar.resepkuebasah.SplashResep'
[35m[ADB][39m Using 'apksigner.jar' from 'C:\Users\R5 3500X\.katalon\tools\android_sdk\build-tools\29.0.3\lib\apksigner.jar'
[35m[ADB][39m 'C:\Users\R5 3500X\AppData\Roaming\npm\node_modules\appium\node_modules\appium-uiautomator2-server\apks\appium-uiautomator2-server-v4.21.1.apk' is signed with the default certificate
[35m[ADB][39m 'C:\Users\R5 3500X\AppData\Roaming\npm\node_modules\appium\node_modules\appium-uiautomator2-server\apks\appium-uiautomator2-server-debug-androidTest.apk' is signed with the default certificate
[35m[UiAutomator2][39m Server packages are not going to be (re)installed
[35m[ADB][39m Adding packages ["io.appium.settings","io.appium.uiautomator2.server","io.appium.uiautomator2.server.test"] to Doze whitelist
[35m[ADB][39m 'D:\SekolahQA\AppResepMasakan\ResepMasakanRumahan.apk' is signed with a non-default certificate
[35m[UiAutomator2][39m Starting UIAutomator2 server 4.21.1
[35m[UiAutomator2][39m Using UIAutomator2 server from 'C:\Users\R5 3500X\AppData\Roaming\npm\node_modules\appium\node_modules\appium-uiautomator2-server\apks\appium-uiautomator2-server-v4.21.1.apk' and test from 'C:\Users\R5 3500X\AppData\Roaming\npm\node_modules\appium\node_modules\appium-uiautomator2-server\apks\appium-uiautomator2-server-debug-androidTest.apk'
[35m[UiAutomator2][39m Waiting up to 30000ms for UiAutomator2 to be online...
[35m[WD Proxy][39m socket hang up
[35m[WD Proxy][39m socket hang up
[35m[WD Proxy][39m socket hang up
[35m[WD Proxy][39m Determined the downstream protocol as 'W3C'
[35m[AndroidDriver][39m Screen already unlocked, doing nothing
[35m[UiAutomator2][39m Starting 'com.sekar.resepkuebasah/com.sekar.resepkuebasah.SplashResep and waiting for 'com.sekar.resepkuebasah/com.sekar.resepkuebasah.SplashResep'
[35m[Appium][39m New AndroidUiautomator2Driver session created successfully, session e28c339c-5843-4038-8fda-4a008eb17064 added to master session list
[35m[HTTP][39m [37m<-- POST /wd/hub/session [39m[32m200[39m [90m10848 ms - 1292[39m
[35m[HTTP][39m [90m[39m
[35m[HTTP][39m [37m-->[39m [37mGET[39m [37m/wd/hub/session/e28c339c-5843-4038-8fda-4a008eb17064[39m
[35m[HTTP][39m [90m{}[39m
[35m[HTTP][39m [37m<-- GET /wd/hub/session/e28c339c-5843-4038-8fda-4a008eb17064 [39m[32m200[39m [90m8 ms - 1246[39m
[35m[HTTP][39m [90m[39m
[35m[HTTP][39m [37m-->[39m [37mGET[39m [37m/wd/hub/session/e28c339c-5843-4038-8fda-4a008eb17064[39m
[35m[HTTP][39m [90m{}[39m
[35m[HTTP][39m [37m<-- GET /wd/hub/session/e28c339c-5843-4038-8fda-4a008eb17064 [39m[32m200[39m [90m7 ms - 1246[39m
[35m[HTTP][39m [90m[39m
[35m[HTTP][39m [37m-->[39m [37mGET[39m [37m/wd/hub/status[39m
[35m[HTTP][39m [90m{}[39m
[35m[HTTP][39m [37m<-- GET /wd/hub/status [39m[32m200[39m [90m0 ms - 68[39m
[35m[HTTP][39m [90m[39m
[35m[HTTP][39m [37m-->[39m [37mPOST[39m [37m/wd/hub/session/e28c339c-5843-4038-8fda-4a008eb17064/timeouts[39m
[35m[HTTP][39m [90m{"implicit":60000}[39m
[35m[HTTP][39m [37m<-- POST /wd/hub/session/e28c339c-5843-4038-8fda-4a008eb17064/timeouts [39m[32m200[39m [90m2 ms - 14[39m
[35m[HTTP][39m [90m[39m
[35m[HTTP][39m [37m-->[39m [37mGET[39m [37m/wd/hub/session/e28c339c-5843-4038-8fda-4a008eb17064/source[39m
[35m[HTTP][39m [90m{}[39m
[35m[W3C (e28c339c)][39m Driver proxy active, passing request on via HTTP proxy
[35m[WD Proxy][39m Replacing sessionId 222abfcd-94db-4090-b93b-0e108aa2497c with e28c339c-5843-4038-8fda-4a008eb17064
[35m[HTTP][39m [37m<-- GET /wd/hub/session/e28c339c-5843-4038-8fda-4a008eb17064/source [39m[32m200[39m [90m493 ms - 5323[39m
[35m[HTTP][39m [90m[39m
[35m[HTTP][39m [37m-->[39m [37mGET[39m [37m/wd/hub/session/e28c339c-5843-4038-8fda-4a008eb17064/screenshot[39m
[35m[HTTP][39m [90m{}[39m
[35m[HTTP][39m [37m<-- GET /wd/hub/session/e28c339c-5843-4038-8fda-4a008eb17064/screenshot [39m[32m200[39m [90m454 ms - 233356[39m
[35m[HTTP][39m [90m[39m
[35m[HTTP][39m [37m-->[39m [37mGET[39m [37m/wd/hub/session/e28c339c-5843-4038-8fda-4a008eb17064/source[39m
[35m[HTTP][39m [90m{}[39m
[35m[W3C (e28c339c)][39m Driver proxy active, passing request on via HTTP proxy
[35m[WD Proxy][39m Replacing sessionId 222abfcd-94db-4090-b93b-0e108aa2497c with e28c339c-5843-4038-8fda-4a008eb17064
[35m[HTTP][39m [37m<-- GET /wd/hub/session/e28c339c-5843-4038-8fda-4a008eb17064/source [39m[32m200[39m [90m453 ms - 30620[39m
[35m[HTTP][39m [90m[39m
[35m[HTTP][39m [37m-->[39m [37mGET[39m [37m/wd/hub/session/e28c339c-5843-4038-8fda-4a008eb17064/screenshot[39m
[35m[HTTP][39m [90m{}[39m
[35m[HTTP][39m [37m<-- GET /wd/hub/session/e28c339c-5843-4038-8fda-4a008eb17064/screenshot [39m[32m200[39m [90m587 ms - 774544[39m
[35m[HTTP][39m [90m[39m
[35m[HTTP][39m [37m-->[39m [37mPOST[39m [37m/wd/hub/session/e28c339c-5843-4038-8fda-4a008eb17064/elements[39m
[35m[HTTP][39m [90m{"using":"xpath","value":"//*[@class = 'android.widget.ImageButton' and @resource-id = 'com.sekar.resepkuebasah:id/btnSearch' and (@text = '' or . = '')]"}[39m
[35m[HTTP][39m [37m<-- POST /wd/hub/session/e28c339c-5843-4038-8fda-4a008eb17064/elements [39m[32m200[39m [90m498 ms - 139[39m
[35m[HTTP][39m [90m[39m
[35m[HTTP][39m [37m-->[39m [37mDELETE[39m [37m/wd/hub/session/e28c339c-5843-4038-8fda-4a008eb17064[39m
[35m[HTTP][39m [90m{}[39m
[35m[Appium][39m Removing session e28c339c-5843-4038-8fda-4a008eb17064 from our master session list
[35m[HTTP][39m [37m<-- DELETE /wd/hub/session/e28c339c-5843-4038-8fda-4a008eb17064 [39m[32m200[39m [90m809 ms - 14[39m
[35m[HTTP][39m [90m[39m
